//--------------------------------------------------------------------------------------------------------------
//-- Start Application. Date/Time: Thursday, September 7, 2023  1:56:04 PM
//--------------------------------------------------------------------------------------------------------------
2023-09-07 13:56:05.745	:Controller.Run starting...
2023-09-07 13:56:05.753	:ProcessWeeklyFiles starting...
2023-09-07 13:56:05.762	:ProcessWeeklyFiles starting...
2023-09-07 13:56:08.361	:Checking for files using search pattern: CARLS132*
2023-09-07 13:56:08.825	:0 file(s) found.
2023-09-07 13:56:08.829	:Checking for files using search pattern: CARLS_OLD_ENTITY_STL132EXT.csv
2023-09-07 13:56:09.276	:0 file(s) found.
2023-09-07 13:56:09.280	:Checking for files using search pattern: CKEGC_NEW_ENTITY_STL132EXT.csv
2023-09-07 13:56:09.711	:0 file(s) found.
2023-09-07 13:56:09.716	:Checking for files using search pattern: CKEGC_OLD_ENTITY_STL132EXT.csv
2023-09-07 13:56:10.555	:0 file(s) found.
2023-09-07 13:56:10.562	:Checking for files using search pattern: CKEPR_NEW_ENTITY_STL132EXT.csv
2023-09-07 13:56:11.017	:0 file(s) found.
2023-09-07 13:56:11.021	:Checking for files using search pattern: CKEPR_OLD_ENTITY_STL132EXT.csv
2023-09-07 13:56:11.465	:0 file(s) found.
2023-09-07 13:56:11.474	:Checking for files using search pattern: HARDE_NEW_ENTITY_STL132EXT.csv
2023-09-07 13:56:11.916	:0 file(s) found.
2023-09-07 13:56:11.924	:Checking for files using search pattern: HARDE_OLD_ENTITY_STL132EXT.csv
2023-09-07 13:56:12.368	:0 file(s) found.
2023-09-07 13:56:12.374	:ProcessWeeklyFiles has completed.  Elapsed time: 00:00:06.6107445
